Processing /home/olivier/1000genomeprocesseddata//22
Number of.txt.gz files found in /home/olivier/1000genomeprocesseddata//22/ : 2504
25/2504 files processed after 0.0h2.0m6.0s
50/2504 files processed after 0.0h4.0m39.0s
75/2504 files processed after 0.0h7.0m28.0s
100/2504 files processed after 0.0h11.0m24.0s
125/2504 files processed after 0.0h14.0m32.0s
150/2504 files processed after 0.0h17.0m21.0s
175/2504 files processed after 0.0h20.0m8.0s
200/2504 files processed after 0.0h23.0m2.0s
225/2504 files processed after 0.0h25.0m52.0s
250/2504 files processed after 0.0h29.0m28.0s
275/2504 files processed after 0.0h31.0m27.0s
300/2504 files processed after 0.0h33.0m41.0s
325/2504 files processed after 0.0h35.0m46.0s
350/2504 files processed after 0.0h37.0m55.0s
375/2504 files processed after 0.0h39.0m58.0s
400/2504 files processed after 0.0h42.0m8.0s
425/2504 files processed after 0.0h44.0m11.0s
450/2504 files processed after 0.0h46.0m14.0s
475/2504 files processed after 0.0h48.0m25.0s
500/2504 files processed after 0.0h51.0m10.0s
525/2504 files processed after 0.0h53.0m12.0s
550/2504 files processed after 0.0h55.0m7.0s
575/2504 files processed after 0.0h56.0m59.0s
600/2504 files processed after 0.0h58.0m53.0s
625/2504 files processed after 1.0h0.0m46.0s
650/2504 files processed after 1.0h2.0m41.0s
675/2504 files processed after 1.0h4.0m33.0s
700/2504 files processed after 1.0h6.0m41.0s
725/2504 files processed after 1.0h8.0m25.0s
750/2504 files processed after 1.0h10.0m11.0s
775/2504 files processed after 1.0h11.0m57.0s
800/2504 files processed after 1.0h13.0m42.0s
825/2504 files processed after 1.0h15.0m26.0s
850/2504 files processed after 1.0h17.0m13.0s
875/2504 files processed after 1.0h19.0m2.0s
900/2504 files processed after 1.0h20.0m49.0s
925/2504 files processed after 1.0h22.0m36.0s
950/2504 files processed after 1.0h24.0m22.0s
975/2504 files processed after 1.0h26.0m8.0s
1000/2504 files processed after 1.0h28.0m1.0s
1025/2504 files processed after 1.0h29.0m47.0s
1050/2504 files processed after 1.0h31.0m31.0s
1075/2504 files processed after 1.0h33.0m16.0s
1100/2504 files processed after 1.0h35.0m4.0s
1125/2504 files processed after 1.0h36.0m52.0s
1150/2504 files processed after 1.0h38.0m38.0s
1175/2504 files processed after 1.0h40.0m23.0s
1200/2504 files processed after 1.0h42.0m14.0s
An unexpected error occurred while tokenizing input
The following traceback may be corrupted or invalid
The error message is: ('EOF in multi-line statement', (20, 0))

An unexpected error occurred while tokenizing input
The following traceback may be corrupted or invalid
The error message is: ('EOF in multi-line statement', (20, 0))

An unexpected error occurred while tokenizing input
The following traceback may be corrupted or invalid
The error message is: ('EOF in multi-line statement', (20, 0))

An unexpected error occurred while tokenizing input
The following traceback may be corrupted or invalid
The error message is: ('EOF in multi-line statement', (20, 0))

An unexpected error occurred while tokenizing input
The following traceback may be corrupted or invalid
The error message is: ('EOF in multi-line statement', (20, 0))

An unexpected error occurred while tokenizing input
The following traceback may be corrupted or invalid
The error message is: ('EOF in multi-line statement', (20, 0))

An unexpected error occurred while tokenizing input
The following traceback may be corrupted or invalid
The error message is: ('EOF in multi-line statement', (20, 0))

An unexpected error occurred while tokenizing input
The following traceback may be corrupted or invalid
The error message is: ('EOF in multi-line statement', (20, 0))

